# JRE version: OpenJDK Runtime Environment (8.0_242-b01) (build 1.8.0_242-release-1644-b01)
# Java VM: OpenJDK 64-Bit Server VM (25.242-b01 mixed mode windows-amd64 compressed oops)
Heap:
 PSYoungGen      total 190464K, used 142436K [0x00000000d5580000, 0x00000000e3480000, 0x0000000100000000)
  eden space 158720K, 72% used [0x00000000d5580000,0x00000000dc641a38,0x00000000df080000)
  from space 31744K, 84% used [0x00000000e1300000,0x00000000e2d578b8,0x00000000e3200000)
  to   space 34816K, 0% used [0x00000000df080000,0x00000000df080000,0x00000000e1280000)
 ParOldGen       total 129536K, used 59018K [0x0000000080000000, 0x0000000087e80000, 0x00000000d5580000)
  object space 129536K, 45% used [0x0000000080000000,0x00000000839a2a18,0x0000000087e80000)
 Metaspace       used 92447K, capacity 97235K, committed 97536K, reserved 1134592K
  class space    used 12252K, capacity 13222K, committed 13312K, reserved 1048576K
GC Heap History (10 events):
Event: 35.572 GC heap before
{Heap before GC invocations=19 (full 3):
 PSYoungGen      total 121344K, used 105472K [0x00000000d5580000, 0x00000000dfc80000, 0x0000000100000000)
  eden space 105472K, 100% used [0x00000000d5580000,0x00000000dbc80000,0x00000000dbc80000)
  from space 15872K, 0% used [0x00000000dbc80000,0x00000000dbc80000,0x00000000dcc00000)
  to   space 18432K, 0% used [0x00000000dea80000,0x00000000dea80000,0x00000000dfc80000)
 ParOldGen       total 129536K, used 36442K [0x0000000080000000, 0x0000000087e80000, 0x00000000d5580000)
  object space 129536K, 28% used [0x0000000080000000,0x0000000082396880,0x0000000087e80000)
 Metaspace       used 63350K, capacity 66071K, committed 66304K, reserved 1105920K
  class space    used 8594K, capacity 9098K, committed 9216K, reserved 1048576K
Event: 35.654 GC heap after
Heap after GC invocations=19 (full 3):
 PSYoungGen      total 139264K, used 10665K [0x00000000d5580000, 0x00000000df580000, 0x0000000100000000)
  eden space 128000K, 0% used [0x00000000d5580000,0x00000000d5580000,0x00000000dd280000)
  from space 11264K, 94% used [0x00000000dea80000,0x00000000df4ea688,0x00000000df580000)
  to   space 17920K, 0% used [0x00000000dd280000,0x00000000dd280000,0x00000000de400000)
 ParOldGen       total 129536K, used 36450K [0x0000000080000000, 0x0000000087e80000, 0x00000000d5580000)
  object space 129536K, 28% used [0x0000000080000000,0x0000000082398880,0x0000000087e80000)
 Metaspace       used 63350K, capacity 66071K, committed 66304K, reserved 1105920K
  class space    used 8594K, capacity 9098K, committed 9216K, reserved 1048576K
}
Event: 40.294 GC heap before
{Heap before GC invocations=20 (full 3):
 PSYoungGen      total 139264K, used 138665K [0x00000000d5580000, 0x00000000df580000, 0x0000000100000000)
  eden space 128000K, 100% used [0x00000000d5580000,0x00000000dd280000,0x00000000dd280000)
  from space 11264K, 94% used [0x00000000dea80000,0x00000000df4ea688,0x00000000df580000)
  to   space 17920K, 0% used [0x00000000dd280000,0x00000000dd280000,0x00000000de400000)
 ParOldGen       total 129536K, used 36450K [0x0000000080000000, 0x0000000087e80000, 0x00000000d5580000)
  object space 129536K, 28% used [0x0000000080000000,0x0000000082398880,0x0000000087e80000)
 Metaspace       used 70769K, capacity 73807K, committed 74112K, reserved 1114112K
  class space    used 9738K, capacity 10298K, committed 10368K, reserved 1048576K
Event: 40.344 GC heap after
Heap after GC invocations=20 (full 3):
 PSYoungGen      total 145920K, used 16600K [0x00000000d5580000, 0x00000000e0a80000, 0x0000000100000000)
  eden space 128000K, 0% used [0x00000000d5580000,0x00000000d5580000,0x00000000dd280000)
  from space 17920K, 92% used [0x00000000dd280000,0x00000000de2b6058,0x00000000de400000)
  to   space 19968K, 0% used [0x00000000df700000,0x00000000df700000,0x00000000e0a80000)
 ParOldGen       total 129536K, used 36458K [0x0000000080000000, 0x0000000087e80000, 0x00000000d5580000)
  object space 129536K, 28% used [0x0000000080000000,0x000000008239a880,0x0000000087e80000)
 Metaspace       used 70769K, capacity 73807K, committed 74112K, reserved 1114112K
  class space    used 9738K, capacity 10298K, committed 10368K, reserved 1048576K
}
Event: 46.853 GC heap before
{Heap before GC invocations=21 (full 3):
 PSYoungGen      total 145920K, used 144600K [0x00000000d5580000, 0x00000000e0a80000, 0x0000000100000000)
  eden space 128000K, 100% used [0x00000000d5580000,0x00000000dd280000,0x00000000dd280000)
  from space 17920K, 92% used [0x00000000dd280000,0x00000000de2b6058,0x00000000de400000)
  to   space 19968K, 0% used [0x00000000df700000,0x00000000df700000,0x00000000e0a80000)
 ParOldGen       total 129536K, used 36458K [0x0000000080000000, 0x0000000087e80000, 0x00000000d5580000)
  object space 129536K, 28% used [0x0000000080000000,0x000000008239a880,0x0000000087e80000)
 Metaspace       used 77786K, capacity 81467K, committed 81792K, reserved 1120256K
  class space    used 10611K, capacity 11311K, committed 11392K, reserved 1048576K
Event: 46.933 GC heap after
Heap after GC invocations=21 (full 3):
 PSYoungGen      total 160768K, used 19957K [0x00000000d5580000, 0x00000000e1300000, 0x0000000100000000)
  eden space 140800K, 0% used [0x00000000d5580000,0x00000000d5580000,0x00000000ddf00000)
  from space 19968K, 99% used [0x00000000df700000,0x00000000e0a7d460,0x00000000e0a80000)
  to   space 24576K, 0% used [0x00000000ddf00000,0x00000000ddf00000,0x00000000df700000)
 ParOldGen       total 129536K, used 40601K [0x0000000080000000, 0x0000000087e80000, 0x00000000d5580000)
  object space 129536K, 31% used [0x0000000080000000,0x00000000827a6720,0x0000000087e80000)
 Metaspace       used 77786K, capacity 81467K, committed 81792K, reserved 1120256K
  class space    used 10611K, capacity 11311K, committed 11392K, reserved 1048576K
}
Event: 53.218 GC heap before
{Heap before GC invocations=22 (full 3):
 PSYoungGen      total 160768K, used 160756K [0x00000000d5580000, 0x00000000e1300000, 0x0000000100000000)
  eden space 140800K, 99% used [0x00000000d5580000,0x00000000ddeffbf8,0x00000000ddf00000)
  from space 19968K, 99% used [0x00000000df700000,0x00000000e0a7d460,0x00000000e0a80000)
  to   space 24576K, 0% used [0x00000000ddf00000,0x00000000ddf00000,0x00000000df700000)
 ParOldGen       total 129536K, used 40601K [0x0000000080000000, 0x0000000087e80000, 0x00000000d5580000)
  object space 129536K, 31% used [0x0000000080000000,0x00000000827a6720,0x0000000087e80000)
 Metaspace       used 84117K, capacity 88323K, committed 88448K, reserved 1126400K
  class space    used 11389K, capacity 12149K, committed 12160K, reserved 1048576K
Event: 53.379 GC heap after
Heap after GC invocations=22 (full 3):
 PSYoungGen      total 165376K, used 24569K [0x00000000d5580000, 0x00000000e3200000, 0x0000000100000000)
  eden space 140800K, 0% used [0x00000000d5580000,0x00000000d5580000,0x00000000ddf00000)
  from space 24576K, 99% used [0x00000000ddf00000,0x00000000df6fe650,0x00000000df700000)
  to   space 31744K, 0% used [0x00000000e1300000,0x00000000e1300000,0x00000000e3200000)
 ParOldGen       total 129536K, used 49539K [0x0000000080000000, 0x0000000087e80000, 0x00000000d5580000)
  object space 129536K, 38% used [0x0000000080000000,0x0000000083060d98,0x0000000087e80000)
 Metaspace       used 84117K, capacity 88323K, committed 88448K, reserved 1126400K
  class space    used 11389K, capacity 12149K, committed 12160K, reserved 1048576K
}
Event: 131.410 GC heap before
{Heap before GC invocations=23 (full 3):
 PSYoungGen      total 165376K, used 165369K [0x00000000d5580000, 0x00000000e3200000, 0x0000000100000000)
  eden space 140800K, 100% used [0x00000000d5580000,0x00000000ddf00000,0x00000000ddf00000)
  from space 24576K, 99% used [0x00000000ddf00000,0x00000000df6fe650,0x00000000df700000)
  to   space 31744K, 0% used [0x00000000e1300000,0x00000000e1300000,0x00000000e3200000)
 ParOldGen       total 129536K, used 49539K [0x0000000080000000, 0x0000000087e80000, 0x00000000d5580000)
  object space 129536K, 38% used [0x0000000080000000,0x0000000083060d98,0x0000000087e80000)
 Metaspace       used 91900K, capacity 96743K, committed 97024K, reserved 1132544K
  class space    used 12241K, capacity 13206K, committed 13312K, reserved 1048576K
Event: 131.505 GC heap after
Heap after GC invocations=23 (full 3):
 PSYoungGen      total 190464K, used 26974K [0x00000000d5580000, 0x00000000e3480000, 0x0000000100000000)
  eden space 158720K, 0% used [0x00000000d5580000,0x00000000d5580000,0x00000000df080000)
  from space 31744K, 84% used [0x00000000e1300000,0x00000000e2d578b8,0x00000000e3200000)
  to   space 34816K, 0% used [0x00000000df080000,0x00000000df080000,0x00000000e1280000)
 ParOldGen       total 129536K, used 59018K [0x0000000080000000, 0x0000000087e80000, 0x00000000d5580000)
  object space 129536K, 45% used [0x0000000080000000,0x00000000839a2a18,0x0000000087e80000)
 Metaspace       used 91900K, capacity 96743K, committed 97024K, reserved 1132544K
  class space    used 12241K, capacity 13206K, committed 13312K, reserved 1048576K
}

