# JRE version: OpenJDK Runtime Environment (8.0_242-b01) (build 1.8.0_242-release-1644-b01)
# Java VM: OpenJDK 64-Bit Server VM (25.242-b01 mixed mode windows-amd64 compressed oops)
Heap:
 PSYoungGen      total 196608K, used 172915K [0x00000000d5580000, 0x00000000e5280000, 0x0000000100000000)
  eden space 177664K, 87% used [0x00000000d5580000,0x00000000dec78fa8,0x00000000e0300000)
  from space 18944K, 96% used [0x00000000e0300000,0x00000000e14e3ed8,0x00000000e1580000)
  to   space 21504K, 0% used [0x00000000e3d80000,0x00000000e3d80000,0x00000000e5280000)
 ParOldGen       total 123392K, used 33277K [0x0000000080000000, 0x0000000087880000, 0x00000000d5580000)
  object space 123392K, 26% used [0x0000000080000000,0x000000008207f5e8,0x0000000087880000)
 Metaspace       used 78293K, capacity 81556K, committed 81624K, reserved 1120256K
  class space    used 10569K, capacity 11247K, committed 11264K, reserved 1048576K
GC Heap History (10 events):
Event: 17.107 GC heap before
{Heap before GC invocations=12 (full 2):
 PSYoungGen      total 126976K, used 117248K [0x00000000d5580000, 0x00000000dfa00000, 0x0000000100000000)
  eden space 117248K, 100% used [0x00000000d5580000,0x00000000dc800000,0x00000000dc800000)
  from space 9728K, 0% used [0x00000000dc800000,0x00000000dc800000,0x00000000dd180000)
  to   space 12288K, 0% used [0x00000000dee00000,0x00000000dee00000,0x00000000dfa00000)
 ParOldGen       total 83968K, used 19539K [0x0000000080000000, 0x0000000085200000, 0x00000000d5580000)
  object space 83968K, 23% used [0x0000000080000000,0x0000000081314ca8,0x0000000085200000)
 Metaspace       used 38472K, capacity 40408K, committed 40576K, reserved 1083392K
  class space    used 5287K, capacity 5675K, committed 5760K, reserved 1048576K
Event: 17.132 GC heap after
Heap after GC invocations=12 (full 2):
 PSYoungGen      total 155648K, used 9125K [0x00000000d5580000, 0x00000000dff00000, 0x0000000100000000)
  eden space 143360K, 0% used [0x00000000d5580000,0x00000000d5580000,0x00000000de180000)
  from space 12288K, 74% used [0x00000000dee00000,0x00000000df6e9700,0x00000000dfa00000)
  to   space 12800K, 0% used [0x00000000de180000,0x00000000de180000,0x00000000dee00000)
 ParOldGen       total 83968K, used 19547K [0x0000000080000000, 0x0000000085200000, 0x00000000d5580000)
  object space 83968K, 23% used [0x0000000080000000,0x0000000081316ca8,0x0000000085200000)
 Metaspace       used 38472K, capacity 40408K, committed 40576K, reserved 1083392K
  class space    used 5287K, capacity 5675K, committed 5760K, reserved 1048576K
}
Event: 22.182 GC heap before
{Heap before GC invocations=13 (full 2):
 PSYoungGen      total 155648K, used 152485K [0x00000000d5580000, 0x00000000dff00000, 0x0000000100000000)
  eden space 143360K, 100% used [0x00000000d5580000,0x00000000de180000,0x00000000de180000)
  from space 12288K, 74% used [0x00000000dee00000,0x00000000df6e9700,0x00000000dfa00000)
  to   space 12800K, 0% used [0x00000000de180000,0x00000000de180000,0x00000000dee00000)
 ParOldGen       total 83968K, used 19547K [0x0000000080000000, 0x0000000085200000, 0x00000000d5580000)
  object space 83968K, 23% used [0x0000000080000000,0x0000000081316ca8,0x0000000085200000)
 Metaspace       used 51465K, capacity 53702K, committed 53888K, reserved 1095680K
  class space    used 6860K, capacity 7285K, committed 7296K, reserved 1048576K
Event: 22.233 GC heap after
Heap after GC invocations=13 (full 2):
 PSYoungGen      total 156160K, used 12788K [0x00000000d5580000, 0x00000000e2700000, 0x0000000100000000)
  eden space 143360K, 0% used [0x00000000d5580000,0x00000000d5580000,0x00000000de180000)
  from space 12800K, 99% used [0x00000000de180000,0x00000000dedfd3d0,0x00000000dee00000)
  to   space 17920K, 0% used [0x00000000e1580000,0x00000000e1580000,0x00000000e2700000)
 ParOldGen       total 83968K, used 28923K [0x0000000080000000, 0x0000000085200000, 0x00000000d5580000)
  object space 83968K, 34% used [0x0000000080000000,0x0000000081c3ee30,0x0000000085200000)
 Metaspace       used 51465K, capacity 53702K, committed 53888K, reserved 1095680K
  class space    used 6860K, capacity 7285K, committed 7296K, reserved 1048576K
}
Event: 24.168 GC heap before
{Heap before GC invocations=14 (full 2):
 PSYoungGen      total 156160K, used 69469K [0x00000000d5580000, 0x00000000e2700000, 0x0000000100000000)
  eden space 143360K, 39% used [0x00000000d5580000,0x00000000d8cda350,0x00000000de180000)
  from space 12800K, 99% used [0x00000000de180000,0x00000000dedfd3d0,0x00000000dee00000)
  to   space 17920K, 0% used [0x00000000e1580000,0x00000000e1580000,0x00000000e2700000)
 ParOldGen       total 83968K, used 28923K [0x0000000080000000, 0x0000000085200000, 0x00000000d5580000)
  object space 83968K, 34% used [0x0000000080000000,0x0000000081c3ee30,0x0000000085200000)
 Metaspace       used 56693K, capacity 59064K, committed 59096K, reserved 1099776K
  class space    used 7443K, capacity 7910K, committed 7936K, reserved 1048576K
Event: 24.212 GC heap after
Heap after GC invocations=14 (full 2):
 PSYoungGen      total 195584K, used 14402K [0x00000000d5580000, 0x00000000e2b80000, 0x0000000100000000)
  eden space 177664K, 0% used [0x00000000d5580000,0x00000000d5580000,0x00000000e0300000)
  from space 17920K, 80% used [0x00000000e1580000,0x00000000e2390ba0,0x00000000e2700000)
  to   space 18944K, 0% used [0x00000000e0300000,0x00000000e0300000,0x00000000e1580000)
 ParOldGen       total 83968K, used 33941K [0x0000000080000000, 0x0000000085200000, 0x00000000d5580000)
  object space 83968K, 40% used [0x0000000080000000,0x00000000821255c0,0x0000000085200000)
 Metaspace       used 56693K, capacity 59064K, committed 59096K, reserved 1099776K
  class space    used 7443K, capacity 7910K, committed 7936K, reserved 1048576K
}
Event: 24.212 GC heap before
{Heap before GC invocations=15 (full 3):
 PSYoungGen      total 195584K, used 14402K [0x00000000d5580000, 0x00000000e2b80000, 0x0000000100000000)
  eden space 177664K, 0% used [0x00000000d5580000,0x00000000d5580000,0x00000000e0300000)
  from space 17920K, 80% used [0x00000000e1580000,0x00000000e2390ba0,0x00000000e2700000)
  to   space 18944K, 0% used [0x00000000e0300000,0x00000000e0300000,0x00000000e1580000)
 ParOldGen       total 83968K, used 33941K [0x0000000080000000, 0x0000000085200000, 0x00000000d5580000)
  object space 83968K, 40% used [0x0000000080000000,0x00000000821255c0,0x0000000085200000)
 Metaspace       used 56693K, capacity 59064K, committed 59096K, reserved 1099776K
  class space    used 7443K, capacity 7910K, committed 7936K, reserved 1048576K
Event: 24.572 GC heap after
Heap after GC invocations=15 (full 3):
 PSYoungGen      total 195584K, used 0K [0x00000000d5580000, 0x00000000e2b80000, 0x0000000100000000)
  eden space 177664K, 0% used [0x00000000d5580000,0x00000000d5580000,0x00000000e0300000)
  from space 17920K, 0% used [0x00000000e1580000,0x00000000e1580000,0x00000000e2700000)
  to   space 18944K, 0% used [0x00000000e0300000,0x00000000e0300000,0x00000000e1580000)
 ParOldGen       total 123392K, used 33269K [0x0000000080000000, 0x0000000087880000, 0x00000000d5580000)
  object space 123392K, 26% used [0x0000000080000000,0x000000008207d5e8,0x0000000087880000)
 Metaspace       used 56666K, capacity 58986K, committed 59096K, reserved 1099776K
  class space    used 7434K, capacity 7895K, committed 7936K, reserved 1048576K
}
Event: 30.460 GC heap before
{Heap before GC invocations=16 (full 3):
 PSYoungGen      total 195584K, used 177664K [0x00000000d5580000, 0x00000000e2b80000, 0x0000000100000000)
  eden space 177664K, 100% used [0x00000000d5580000,0x00000000e0300000,0x00000000e0300000)
  from space 17920K, 0% used [0x00000000e1580000,0x00000000e1580000,0x00000000e2700000)
  to   space 18944K, 0% used [0x00000000e0300000,0x00000000e0300000,0x00000000e1580000)
 ParOldGen       total 123392K, used 33269K [0x0000000080000000, 0x0000000087880000, 0x00000000d5580000)
  object space 123392K, 26% used [0x0000000080000000,0x000000008207d5e8,0x0000000087880000)
 Metaspace       used 67486K, capacity 70284K, committed 70616K, reserved 1110016K
  class space    used 9077K, capacity 9648K, committed 9728K, reserved 1048576K
Event: 30.502 GC heap after
Heap after GC invocations=16 (full 3):
 PSYoungGen      total 196608K, used 18319K [0x00000000d5580000, 0x00000000e5280000, 0x0000000100000000)
  eden space 177664K, 0% used [0x00000000d5580000,0x00000000d5580000,0x00000000e0300000)
  from space 18944K, 96% used [0x00000000e0300000,0x00000000e14e3ed8,0x00000000e1580000)
  to   space 21504K, 0% used [0x00000000e3d80000,0x00000000e3d80000,0x00000000e5280000)
 ParOldGen       total 123392K, used 33277K [0x0000000080000000, 0x0000000087880000, 0x00000000d5580000)
  object space 123392K, 26% used [0x0000000080000000,0x000000008207f5e8,0x0000000087880000)
 Metaspace       used 67486K, capacity 70284K, committed 70616K, reserved 1110016K
  class space    used 9077K, capacity 9648K, committed 9728K, reserved 1048576K
}

