# JRE version: OpenJDK Runtime Environment (8.0_242-b01) (build 1.8.0_242-release-1644-b01)
# Java VM: OpenJDK 64-Bit Server VM (25.242-b01 mixed mode windows-amd64 compressed oops)
Heap:
 PSYoungGen      total 70656K, used 1002K [0x00000000d5580000, 0x00000000ddf80000, 0x0000000100000000)
  eden space 60416K, 1% used [0x00000000d5580000,0x00000000d567a858,0x00000000d9080000)
  from space 10240K, 0% used [0x00000000d9080000,0x00000000d9080000,0x00000000d9a80000)
  to   space 10240K, 0% used [0x00000000dd580000,0x00000000dd580000,0x00000000ddf80000)
 ParOldGen       total 48640K, used 7499K [0x0000000080000000, 0x0000000082f80000, 0x00000000d5580000)
  object space 48640K, 15% used [0x0000000080000000,0x0000000080752f60,0x0000000082f80000)
 Metaspace       used 20502K, capacity 21294K, committed 21504K, reserved 1067008K
  class space    used 2855K, capacity 3039K, committed 3072K, reserved 1048576K
GC Heap History (10 events):
Event: 8.203 GC heap before
{Heap before GC invocations=4 (full 0):
 PSYoungGen      total 35840K, used 35824K [0x00000000d5580000, 0x00000000d7d80000, 0x0000000100000000)
  eden space 30720K, 100% used [0x00000000d5580000,0x00000000d7380000,0x00000000d7380000)
  from space 5120K, 99% used [0x00000000d7380000,0x00000000d787c030,0x00000000d7880000)
  to   space 5120K, 0% used [0x00000000d7880000,0x00000000d7880000,0x00000000d7d80000)
 ParOldGen       total 81920K, used 217K [0x0000000080000000, 0x0000000085000000, 0x00000000d5580000)
  object space 81920K, 0% used [0x0000000080000000,0x00000000800364c8,0x0000000085000000)
 Metaspace       used 13832K, capacity 14332K, committed 14464K, reserved 1060864K
  class space    used 1906K, capacity 2060K, committed 2176K, reserved 1048576K
Event: 8.288 GC heap after
Heap after GC invocations=4 (full 0):
 PSYoungGen      total 35840K, used 5111K [0x00000000d5580000, 0x00000000d9b80000, 0x0000000100000000)
  eden space 30720K, 0% used [0x00000000d5580000,0x00000000d5580000,0x00000000d7380000)
  from space 5120K, 99% used [0x00000000d7880000,0x00000000d7d7dcd0,0x00000000d7d80000)
  to   space 5120K, 0% used [0x00000000d7380000,0x00000000d7380000,0x00000000d7880000)
 ParOldGen       total 81920K, used 2068K [0x0000000080000000, 0x0000000085000000, 0x00000000d5580000)
  object space 81920K, 2% used [0x0000000080000000,0x00000000802053b8,0x0000000085000000)
 Metaspace       used 13832K, capacity 14332K, committed 14464K, reserved 1060864K
  class space    used 1906K, capacity 2060K, committed 2176K, reserved 1048576K
}
Event: 10.375 GC heap before
{Heap before GC invocations=5 (full 0):
 PSYoungGen      total 35840K, used 35831K [0x00000000d5580000, 0x00000000d9b80000, 0x0000000100000000)
  eden space 30720K, 100% used [0x00000000d5580000,0x00000000d7380000,0x00000000d7380000)
  from space 5120K, 99% used [0x00000000d7880000,0x00000000d7d7dcd0,0x00000000d7d80000)
  to   space 5120K, 0% used [0x00000000d7380000,0x00000000d7380000,0x00000000d7880000)
 ParOldGen       total 81920K, used 2082K [0x0000000080000000, 0x0000000085000000, 0x00000000d5580000)
  object space 81920K, 2% used [0x0000000080000000,0x0000000080208948,0x0000000085000000)
 Metaspace       used 16884K, capacity 17486K, committed 17664K, reserved 1064960K
  class space    used 2273K, capacity 2449K, committed 2560K, reserved 1048576K
Event: 10.409 GC heap after
Heap after GC invocations=5 (full 0):
 PSYoungGen      total 35840K, used 5088K [0x00000000d5580000, 0x00000000da380000, 0x0000000100000000)
  eden space 30720K, 0% used [0x00000000d5580000,0x00000000d5580000,0x00000000d7380000)
  from space 5120K, 99% used [0x00000000d7380000,0x00000000d7878020,0x00000000d7880000)
  to   space 9216K, 0% used [0x00000000d9a80000,0x00000000d9a80000,0x00000000da380000)
 ParOldGen       total 81920K, used 4639K [0x0000000080000000, 0x0000000085000000, 0x00000000d5580000)
  object space 81920K, 5% used [0x0000000080000000,0x0000000080487f28,0x0000000085000000)
 Metaspace       used 16884K, capacity 17486K, committed 17664K, reserved 1064960K
  class space    used 2273K, capacity 2449K, committed 2560K, reserved 1048576K
}
Event: 11.506 GC heap before
{Heap before GC invocations=6 (full 0):
 PSYoungGen      total 35840K, used 35808K [0x00000000d5580000, 0x00000000da380000, 0x0000000100000000)
  eden space 30720K, 100% used [0x00000000d5580000,0x00000000d7380000,0x00000000d7380000)
  from space 5120K, 99% used [0x00000000d7380000,0x00000000d7878020,0x00000000d7880000)
  to   space 9216K, 0% used [0x00000000d9a80000,0x00000000d9a80000,0x00000000da380000)
 ParOldGen       total 81920K, used 4639K [0x0000000080000000, 0x0000000085000000, 0x00000000d5580000)
  object space 81920K, 5% used [0x0000000080000000,0x0000000080487f28,0x0000000085000000)
 Metaspace       used 19566K, capacity 20316K, committed 20608K, reserved 1067008K
  class space    used 2702K, capacity 2892K, committed 2944K, reserved 1048576K
Event: 11.545 GC heap after
Heap after GC invocations=6 (full 0):
 PSYoungGen      total 69632K, used 8659K [0x00000000d5580000, 0x00000000da580000, 0x0000000100000000)
  eden space 60416K, 0% used [0x00000000d5580000,0x00000000d5580000,0x00000000d9080000)
  from space 9216K, 93% used [0x00000000d9a80000,0x00000000da2f4cf0,0x00000000da380000)
  to   space 10240K, 0% used [0x00000000d9080000,0x00000000d9080000,0x00000000d9a80000)
 ParOldGen       total 81920K, used 4647K [0x0000000080000000, 0x0000000085000000, 0x00000000d5580000)
  object space 81920K, 5% used [0x0000000080000000,0x0000000080489f28,0x0000000085000000)
 Metaspace       used 19566K, capacity 20316K, committed 20608K, reserved 1067008K
  class space    used 2702K, capacity 2892K, committed 2944K, reserved 1048576K
}
Event: 11.966 GC heap before
{Heap before GC invocations=7 (full 0):
 PSYoungGen      total 69632K, used 20296K [0x00000000d5580000, 0x00000000da580000, 0x0000000100000000)
  eden space 60416K, 19% used [0x00000000d5580000,0x00000000d60dd3d0,0x00000000d9080000)
  from space 9216K, 93% used [0x00000000d9a80000,0x00000000da2f4cf0,0x00000000da380000)
  to   space 10240K, 0% used [0x00000000d9080000,0x00000000d9080000,0x00000000d9a80000)
 ParOldGen       total 81920K, used 4647K [0x0000000080000000, 0x0000000085000000, 0x00000000d5580000)
  object space 81920K, 5% used [0x0000000080000000,0x0000000080489f28,0x0000000085000000)
 Metaspace       used 20501K, capacity 21230K, committed 21296K, reserved 1067008K
  class space    used 2854K, capacity 3039K, committed 3072K, reserved 1048576K
Event: 11.986 GC heap after
Heap after GC invocations=7 (full 0):
 PSYoungGen      total 70656K, used 5011K [0x00000000d5580000, 0x00000000ddf80000, 0x0000000100000000)
  eden space 60416K, 0% used [0x00000000d5580000,0x00000000d5580000,0x00000000d9080000)
  from space 10240K, 48% used [0x00000000d9080000,0x00000000d9564e00,0x00000000d9a80000)
  to   space 10240K, 0% used [0x00000000dd580000,0x00000000dd580000,0x00000000ddf80000)
 ParOldGen       total 81920K, used 7043K [0x0000000080000000, 0x0000000085000000, 0x00000000d5580000)
  object space 81920K, 8% used [0x0000000080000000,0x00000000806e0f88,0x0000000085000000)
 Metaspace       used 20501K, capacity 21230K, committed 21296K, reserved 1067008K
  class space    used 2854K, capacity 3039K, committed 3072K, reserved 1048576K
}
Event: 11.986 GC heap before
{Heap before GC invocations=8 (full 1):
 PSYoungGen      total 70656K, used 5011K [0x00000000d5580000, 0x00000000ddf80000, 0x0000000100000000)
  eden space 60416K, 0% used [0x00000000d5580000,0x00000000d5580000,0x00000000d9080000)
  from space 10240K, 48% used [0x00000000d9080000,0x00000000d9564e00,0x00000000d9a80000)
  to   space 10240K, 0% used [0x00000000dd580000,0x00000000dd580000,0x00000000ddf80000)
 ParOldGen       total 81920K, used 7043K [0x0000000080000000, 0x0000000085000000, 0x00000000d5580000)
  object space 81920K, 8% used [0x0000000080000000,0x00000000806e0f88,0x0000000085000000)
 Metaspace       used 20501K, capacity 21230K, committed 21296K, reserved 1067008K
  class space    used 2854K, capacity 3039K, committed 3072K, reserved 1048576K
Event: 12.072 GC heap after
Heap after GC invocations=8 (full 1):
 PSYoungGen      total 70656K, used 0K [0x00000000d5580000, 0x00000000ddf80000, 0x0000000100000000)
  eden space 60416K, 0% used [0x00000000d5580000,0x00000000d5580000,0x00000000d9080000)
  from space 10240K, 0% used [0x00000000d9080000,0x00000000d9080000,0x00000000d9a80000)
  to   space 10240K, 0% used [0x00000000dd580000,0x00000000dd580000,0x00000000ddf80000)
 ParOldGen       total 48640K, used 7499K [0x0000000080000000, 0x0000000082f80000, 0x00000000d5580000)
  object space 48640K, 15% used [0x0000000080000000,0x0000000080752f60,0x0000000082f80000)
 Metaspace       used 20501K, capacity 21230K, committed 21296K, reserved 1067008K
  class space    used 2854K, capacity 3039K, committed 3072K, reserved 1048576K
}

